<?xml version="1.0" encoding="UTF-8"?>
<!-- Generated by org.testng.reporters.JUnitXMLReporter -->
<testsuite hostname="NB-UZIE-7" name="smokeTest" tests="4" failures="0" timestamp="12 Feb 2015 15:04:45 GMT" time="0.029" errors="0">
  <testcase name="B" time="0.008" classname="smokeTest.test1"/>
  <testcase name="a" time="0.001" classname="smokeTest.test1"/>
  <testcase name="B" time="0.001" classname="smokeTest.test2"/>
  <testcase name="a" time="0.001" classname="smokeTest.test2"/>
</testsuite> <!-- smokeTest -->
